<?xml version="1.0" encoding="UTF-8"?>
<!-- Generated by org.testng.reporters.JUnitXMLReporter -->
<testsuite ignored="0" hostname="DESKTOP-2GNJ49D" failures="0" tests="3" name="Default test" time="0.08" errors="0" timestamp="2022-06-27T22:02:15 GMT-07:00">
  <testcase classname="test2.Test1" name="get_data" time="0.013"/>
  <testcase classname="test2.Test1" name="mobile_get_data" time="0.002"/>
  <testcase classname="test2.Test1" name="web_getadata" time="0.002"/>
</testsuite> <!-- Default test -->
