<?xml version="1.0" encoding="UTF-8"?>
<!-- Generated by org.testng.reporters.JUnitXMLReporter -->
<testsuite ignored="1" hostname="DESKTOP-2GNJ49D" failures="0" tests="3" name="mobile cases" time="0.08" errors="0" timestamp="2022-06-26T07:36:46 GMT-07:00">
  <testcase classname="test.MoileCases" name="mobile_testcase1" time="0.01"/>
  <testcase classname="test.MoileCases" name="mobile_testcase2" time="0.003"/>
  <testcase classname="test.MoileCases" name="mobile_testcase3" time="0.003"/>
  <testcase classname="test.MoileCases" name="testcase1" time="0.0">
    <ignored/>
  </testcase> <!-- testcase1 -->
</testsuite> <!-- mobile cases -->
