<?xml version="1.0" encoding="UTF-8"?>
<!-- Generated by org.testng.reporters.JUnitXMLReporter -->
<testsuite ignored="3" hostname="DESKTOP-2GNJ49D" failures="0" tests="3" name="Regression" time="0.079" errors="0" timestamp="2022-06-26T22:09:48 GMT-07:00">
  <testcase classname="test2.Test2" name="mobile_info" time="0.011"/>
  <testcase classname="test2.Test1" name="get_data" time="0.003"/>
  <testcase classname="test2.Test1" name="mobile_get_data" time="0.002"/>
  <testcase classname="test2.Test1" name="web_getadata" time="0.0">
    <ignored/>
  </testcase> <!-- web_getadata -->
  <testcase classname="test2.Test2" name="web_info" time="0.0">
    <ignored/>
  </testcase> <!-- web_info -->
  <testcase classname="test2.Test2" name="get_info" time="0.0">
    <ignored/>
  </testcase> <!-- get_info -->
</testsuite> <!-- Regression -->
