<?xml version="1.0" encoding="UTF-8"?>
<!-- Generated by org.testng.reporters.JUnitXMLReporter -->
<testsuite ignored="1" hostname="DESKTOP-2GNJ49D" failures="0" tests="13" name="Test" time="0.114" errors="0" timestamp="2022-06-26T08:44:14 GMT-07:00">
  <testcase classname="test.MoileCases" name="mobile_testcase1" time="0.01"/>
  <testcase classname="test.MoileCases" name="mobile_testcase2" time="0.002"/>
  <testcase classname="test.Day4" name="lpgin_with_carloan" time="0.001"/>
  <testcase classname="test.Day4" name="mobile_login" time="0.003"/>
  <testcase classname="test.Day4" name="web_login" time="0.002"/>
  <testcase classname="test.Day2" name="getData" time="0.001"/>
  <testcase classname="test.Day2" name="getData1" time="0.001"/>
  <testcase classname="test.Day2" name="getData2" time="0.001"/>
  <testcase classname="test.Day3" name="lpgin_with_carloan" time="0.005"/>
  <testcase classname="test.Day3" name="mobile_login" time="0.003"/>
  <testcase classname="test.Day1" name="demo1" time="0.003"/>
  <testcase classname="test.Day1" name="demo2" time="0.001"/>
  <testcase classname="test.Day1" name="demo3" time="0.002"/>
  <testcase classname="test.Day3" name="web_login" time="0.0">
    <ignored/>
  </testcase> <!-- web_login -->
</testsuite> <!-- Test -->
