<?xml version="1.0" encoding="UTF-8"?>
<!-- Generated by org.testng.reporters.JUnitXMLReporter -->
<testsuite ignored="1" hostname="DESKTOP-2GNJ49D" failures="0" tests="2" name="carloan" time="0.012" errors="0" timestamp="2022-06-26T02:51:30 GMT-07:00">
  <testcase classname="test.Day3" name="lpgin_with_carloan" time="0.002"/>
  <testcase classname="test.Day3" name="mobile_login" time="0.003"/>
  <testcase classname="test.Day3" name="web_login" time="0.0">
    <ignored/>
  </testcase> <!-- web_login -->
</testsuite> <!-- carloan -->
