<?xml version="1.0" encoding="UTF-8"?>
<!-- Generated by org.testng.reporters.JUnitXMLReporter -->
<testsuite ignored="4" hostname="DESKTOP-2GNJ49D" failures="0" tests="2" name="test1" time="0.076" errors="0" timestamp="2022-06-26T02:51:30 GMT-07:00">
  <testcase classname="test.Day1" name="demo1" time="0.011"/>
  <testcase classname="test.Day2" name="getData" time="0.003"/>
  <testcase classname="test.Day1" name="demo3" time="0.0">
    <ignored/>
  </testcase> <!-- demo3 -->
  <testcase classname="test.Day2" name="getData2" time="0.0">
    <ignored/>
  </testcase> <!-- getData2 -->
  <testcase classname="test.Day1" name="demo2" time="0.0">
    <ignored/>
  </testcase> <!-- demo2 -->
  <testcase classname="test.Day2" name="getData1" time="0.0">
    <ignored/>
  </testcase> <!-- getData1 -->
</testsuite> <!-- test1 -->
