<?xml version="1.0" encoding="UTF-8"?>
<testng-results ignored="0" total="3" passed="3" failed="0" skipped="0">
  <reporter-output>
  </reporter-output>
  <suite started-at="2022-06-27T22:02:15 GMT-07:00" name="Default suite" finished-at="2022-06-27T22:02:15 GMT-07:00" duration-ms="80">
    <groups>
    </groups>
    <test started-at="2022-06-27T22:02:15 GMT-07:00" name="Default test" finished-at="2022-06-27T22:02:15 GMT-07:00" duration-ms="80">
      <class name="test2.Test1">
        <test-method signature="get_data()[pri:0, instance:test2.Test1@524d6d96]" started-at="2022-06-27T22:02:15 GMT-07:00" name="get_data" finished-at="2022-06-27T22:02:15 GMT-07:00" duration-ms="13" status="PASS">
          <reporter-output>
          </reporter-output>
        </test-method> <!-- get_data -->
        <test-method signature="mobile_get_data()[pri:0, instance:test2.Test1@524d6d96]" started-at="2022-06-27T22:02:15 GMT-07:00" name="mobile_get_data" finished-at="2022-06-27T22:02:15 GMT-07:00" duration-ms="2" status="PASS">
          <reporter-output>
          </reporter-output>
        </test-method> <!-- mobile_get_data -->
        <test-method signature="web_getadata()[pri:0, instance:test2.Test1@524d6d96]" started-at="2022-06-27T22:02:15 GMT-07:00" name="web_getadata" finished-at="2022-06-27T22:02:15 GMT-07:00" duration-ms="2" status="PASS">
          <reporter-output>
          </reporter-output>
        </test-method> <!-- web_getadata -->
      </class> <!-- test2.Test1 -->
    </test> <!-- Default test -->
  </suite> <!-- Default suite -->
</testng-results>
